INFO:root:(0 points) os.path.isfile("midterm.py") is True
INFO:root:(2 points) m.decision_rule(False, True, True) is True
INFO:root:(2 points) m.decision_rule(False, True, False) is False
INFO:root:(2 points) m.decision_rule(True, True, False) is True
INFO:root:(2 points) m.decision_rule(True, False, False) is False
INFO:root:(2 points) m.decision_rule(False, False, False) is False
INFO:root:(2 points) m.compare_string_length("z", "ee") is 1
INFO:root:(2 points) m.compare_string_length("ee", "z") is -1
INFO:root:(2 points) m.compare_string_length(123, "zzz") is 0
INFO:root:(2 points) m.compare_string_length(0, False) is 1
INFO:root:(2 points) m.compare_string_length(False, 1) is -1
INFO:root:(2 points) m.compute_grade([1, 2, 3], 0) is 2.0
INFO:root:(2 points) m.compute_grade([2, 1, 3], 1) is 2.5
INFO:root:(2 points) m.compute_grade([3.1, 1.1, 2.1], 2) is 3.1
INFO:root:(2 points) m.compute_grade([5.5], 0) is 5.5
INFO:root:(2 points) m.compute_grade([100,200,300,400], 3) is 400.0
INFO:root:Executed dna = m.DNA("TCAAAA")
INFO:root:(2 points) len(dna.to_protein()) is 2
INFO:root:(2 points) type(dna.to_protein()) is <type 'str'>
INFO:root:(2 points) dna.protein == dna.to_protein() is True
INFO:root:(2 points) set(dna.protein).issubset(dna.codon2amino.values()) is True
INFO:root:(2 points) m.DNA('AGTCCACCCTAAACTCCACAG' * 2).to_protein() is spp-tpqspp-tpq
INFO:root:You got a 40 out of 40.
